app/build/intermediates/manifest_merge_blame_file/debug/manifest-merger-blame-debug-report.txt
1<?xml version="1.0" encoding="utf-8"?>
2<manifest xmlns:android="http://schemas.android.com/apk/res/android"
3    package="com.cookandroid.material"
4    android:versionCode="1"
5    android:versionName="1.0" >
6
7    <uses-sdk
8        android:minSdkVersion="21"
8-->src\main\AndroidManifest.xml
9        android:targetSdkVersion="33" />
9-->src\main\AndroidManifest.xml
10
11    <uses-permission android:name="android.permission.INTERNET" />
11-->src\main\AndroidManifest.xml:5:5-66
11-->src\main\AndroidManifest.xml:5:22-64
12    <uses-permission android:name="android.permission.ACCESS_NETWORK_STATE" />
12-->src\main\AndroidManifest.xml:6:5-78
12-->src\main\AndroidManifest.xml:6:22-76
13    <uses-permission android:name="android.permission.CAMERA" /> <!-- Don't require camera, as this requires a rear camera. This allows it to work on the Nexus 7 -->
13-->[com.journeyapps:zxing-android-embedded:4.3.0] AndroidManifest.xml:22:5-65
13-->[com.journeyapps:zxing-android-embedded:4.3.0] AndroidManifest.xml:22:22-62
14    <uses-feature
14-->[com.journeyapps:zxing-android-embedded:4.3.0] AndroidManifest.xml:25:5-27:36
15        android:name="android.hardware.camera"
15-->[com.journeyapps:zxing-android-embedded:4.3.0] AndroidManifest.xml:26:9-47
16        android:required="false" />
16-->[com.journeyapps:zxing-android-embedded:4.3.0] AndroidManifest.xml:27:9-33
17    <uses-feature
17-->[com.journeyapps:zxing-android-embedded:4.3.0] AndroidManifest.xml:28:5-30:36
18        android:name="android.hardware.camera.front"
18-->[com.journeyapps:zxing-android-embedded:4.3.0] AndroidManifest.xml:29:9-53
19        android:required="false" /> <!-- TODO replace above two with next line after Android 4.2 -->
19-->[com.journeyapps:zxing-android-embedded:4.3.0] AndroidManifest.xml:30:9-33
20    <!-- <uses-feature android:name="android.hardware.camera.any"/> -->
21    <uses-feature
21-->[com.journeyapps:zxing-android-embedded:4.3.0] AndroidManifest.xml:33:5-35:36
22        android:name="android.hardware.camera.autofocus"
22-->[com.journeyapps:zxing-android-embedded:4.3.0] AndroidManifest.xml:34:9-57
23        android:required="false" />
23-->[com.journeyapps:zxing-android-embedded:4.3.0] AndroidManifest.xml:35:9-33
24    <uses-feature
24-->[com.journeyapps:zxing-android-embedded:4.3.0] AndroidManifest.xml:36:5-38:36
25        android:name="android.hardware.camera.flash"
25-->[com.journeyapps:zxing-android-embedded:4.3.0] AndroidManifest.xml:37:9-53
26        android:required="false" />
26-->[com.journeyapps:zxing-android-embedded:4.3.0] AndroidManifest.xml:38:9-33
27    <uses-feature
27-->[com.journeyapps:zxing-android-embedded:4.3.0] AndroidManifest.xml:39:5-41:36
28        android:name="android.hardware.screen.landscape"
28-->[com.journeyapps:zxing-android-embedded:4.3.0] AndroidManifest.xml:40:9-57
29        android:required="false" />
29-->[com.journeyapps:zxing-android-embedded:4.3.0] AndroidManifest.xml:41:9-33
30    <uses-feature
30-->[com.journeyapps:zxing-android-embedded:4.3.0] AndroidManifest.xml:42:5-44:36
31        android:name="android.hardware.wifi"
31-->[com.journeyapps:zxing-android-embedded:4.3.0] AndroidManifest.xml:43:9-45
32        android:required="false" />
32-->[com.journeyapps:zxing-android-embedded:4.3.0] AndroidManifest.xml:44:9-33
33
34    <application
34-->src\main\AndroidManifest.xml:8:5-40:19
35        android:allowBackup="true"
35-->src\main\AndroidManifest.xml:9:9-35
36        android:appComponentFactory="androidx.core.app.CoreComponentFactory"
36-->[androidx.core:core:1.8.0] AndroidManifest.xml:24:18-86
37        android:dataExtractionRules="@xml/data_extraction_rules"
37-->src\main\AndroidManifest.xml:10:9-65
38        android:debuggable="true"
39        android:fullBackupContent="@xml/backup_rules"
39-->src\main\AndroidManifest.xml:11:9-54
40        android:icon="@mipmap/ic_launcher"
40-->src\main\AndroidManifest.xml:12:9-43
41        android:label="@string/app_name"
41-->src\main\AndroidManifest.xml:13:9-41
42        android:roundIcon="@mipmap/ic_launcher_round"
42-->src\main\AndroidManifest.xml:14:9-54
43        android:supportsRtl="true"
43-->src\main\AndroidManifest.xml:15:9-35
44        android:testOnly="true"
45        android:theme="@style/Theme.Zzickmuck"
45-->src\main\AndroidManifest.xml:16:9-47
46        android:usesCleartextTraffic="true" >
46-->src\main\AndroidManifest.xml:17:9-44
47        <meta-data
47-->src\main\AndroidManifest.xml:18:9-20:52
48            android:name="com.google.android.actions"
48-->src\main\AndroidManifest.xml:19:13-54
49            android:resource="@xml/backup_rulse" />
49-->src\main\AndroidManifest.xml:20:13-49
50
51        <activity
51-->src\main\AndroidManifest.xml:22:9-30:20
52            android:name="com.cookandroid.material.BtnPage"
52-->src\main\AndroidManifest.xml:23:13-36
53            android:exported="true" >
53-->src\main\AndroidManifest.xml:24:13-36
54            <intent-filter>
54-->src\main\AndroidManifest.xml:25:13-29:29
55                <action android:name="android.intent.action.MAIN" />
55-->src\main\AndroidManifest.xml:26:17-69
55-->src\main\AndroidManifest.xml:26:25-66
56
57                <category android:name="android.intent.category.LAUNCHER" />
57-->src\main\AndroidManifest.xml:28:17-77
57-->src\main\AndroidManifest.xml:28:27-74
58            </intent-filter>
59        </activity>
60        <activity
60-->src\main\AndroidManifest.xml:31:9-32:57
61            android:name="com.cookandroid.material.MainActivity"
61-->src\main\AndroidManifest.xml:31:19-47
62            android:parentActivityName="com.cookandroid.material.MainActivity" />
62-->src\main\AndroidManifest.xml:32:13-55
63        <activity
63-->src\main\AndroidManifest.xml:33:9-34:57
64            android:name="com.cookandroid.material.api"
64-->src\main\AndroidManifest.xml:33:19-38
65            android:parentActivityName="com.cookandroid.material.MainActivity" />
65-->src\main\AndroidManifest.xml:34:13-55
66        <activity
66-->src\main\AndroidManifest.xml:35:9-36:57
67            android:name="com.cookandroid.material.CameraActivity"
67-->src\main\AndroidManifest.xml:35:19-49
68            android:parentActivityName="com.cookandroid.material.MainActivity" />
68-->src\main\AndroidManifest.xml:36:13-55
69        <activity
69-->src\main\AndroidManifest.xml:37:9-38:57
70            android:name="com.cookandroid.material.CaptureAct"
70-->src\main\AndroidManifest.xml:37:19-45
71            android:parentActivityName="com.cookandroid.material.MainActivity" />
71-->src\main\AndroidManifest.xml:38:13-55
72        <activity
72-->[com.journeyapps:zxing-android-embedded:4.3.0] AndroidManifest.xml:47:9-53:63
73            android:name="com.journeyapps.barcodescanner.CaptureActivity"
73-->[com.journeyapps:zxing-android-embedded:4.3.0] AndroidManifest.xml:48:13-74
74            android:clearTaskOnLaunch="true"
74-->[com.journeyapps:zxing-android-embedded:4.3.0] AndroidManifest.xml:49:13-45
75            android:screenOrientation="sensorLandscape"
75-->[com.journeyapps:zxing-android-embedded:4.3.0] AndroidManifest.xml:50:13-56
76            android:stateNotNeeded="true"
76-->[com.journeyapps:zxing-android-embedded:4.3.0] AndroidManifest.xml:51:13-42
77            android:theme="@style/zxing_CaptureTheme"
77-->[com.journeyapps:zxing-android-embedded:4.3.0] AndroidManifest.xml:52:13-54
78            android:windowSoftInputMode="stateAlwaysHidden" />
78-->[com.journeyapps:zxing-android-embedded:4.3.0] AndroidManifest.xml:53:13-60
79
80        <service
80-->[androidx.room:room-runtime:2.2.6] AndroidManifest.xml:25:9-28:40
81            android:name="androidx.room.MultiInstanceInvalidationService"
81-->[androidx.room:room-runtime:2.2.6] AndroidManifest.xml:26:13-74
82            android:directBootAware="true"
82-->[androidx.room:room-runtime:2.2.6] AndroidManifest.xml:27:13-43
83            android:exported="false" />
83-->[androidx.room:room-runtime:2.2.6] AndroidManifest.xml:28:13-37
84
85        <provider
85-->[androidx.emoji2:emoji2:1.2.0] AndroidManifest.xml:24:9-32:20
86            android:name="androidx.startup.InitializationProvider"
86-->[androidx.emoji2:emoji2:1.2.0] AndroidManifest.xml:25:13-67
87            android:authorities="com.cookandroid.material.androidx-startup"
87-->[androidx.emoji2:emoji2:1.2.0] AndroidManifest.xml:26:13-68
88            android:exported="false" >
88-->[androidx.emoji2:emoji2:1.2.0] AndroidManifest.xml:27:13-37
89            <meta-data
89-->[androidx.emoji2:emoji2:1.2.0] AndroidManifest.xml:29:13-31:52
90                android:name="androidx.emoji2.text.EmojiCompatInitializer"
90-->[androidx.emoji2:emoji2:1.2.0] AndroidManifest.xml:30:17-75
91                android:value="androidx.startup" />
91-->[androidx.emoji2:emoji2:1.2.0] AndroidManifest.xml:31:17-49
92            <meta-data
92-->[androidx.lifecycle:lifecycle-process:2.4.1] AndroidManifest.xml:31:13-33:52
93                android:name="androidx.lifecycle.ProcessLifecycleInitializer"
93-->[androidx.lifecycle:lifecycle-process:2.4.1] AndroidManifest.xml:32:17-78
94                android:value="androidx.startup" />
94-->[androidx.lifecycle:lifecycle-process:2.4.1] AndroidManifest.xml:33:17-49
95        </provider>
96    </application>
97
98</manifest>